[2024-12-15 01:33:49] This is codeql database index-files --include-extension=.yaml --include-extension=.yml --size-limit=5m --language yaml -- C:\Users\Иван\Documents\battlefield\my-database
[2024-12-15 01:33:49] Log file was started late.
[2024-12-15 01:33:49] Using index-files script C:\Users\Иван\Documents\codeql\yaml\tools\index-files.cmd.
[2024-12-15 01:33:49] [PROGRESS] database index-files> Scanning for files in C:\Users\Иван\Documents\battlefield...
[2024-12-15 01:33:49] Calling plumbing command: codeql resolve files --include-extension=.yaml --include-extension=.yml --size-limit=5m C:\Users\Иван\Documents\battlefield --format=json
[2024-12-15 01:33:49] [PROGRESS] resolve files> Scanning C:\Users\Иван\Documents\battlefield...
[2024-12-15 01:33:49] [PROGRESS] resolve files> Scanning C:\Users\Иван\Documents\battlefield\.git...
[2024-12-15 01:33:49] [PROGRESS] resolve files> Scanning C:\Users\Иван\Documents\battlefield\.git\hooks...
[2024-12-15 01:33:49] [PROGRESS] resolve files> Scanning C:\Users\Иван\Documents\battlefield\.git\info...
[2024-12-15 01:33:49] [PROGRESS] resolve files> Scanning C:\Users\Иван\Documents\battlefield\.git\logs...
[2024-12-15 01:33:49] [PROGRESS] resolve files> Scanning C:\Users\Иван\Documents\battlefield\.git\logs\refs...
[2024-12-15 01:33:49] [PROGRESS] resolve files> Scanning C:\Users\Иван\Documents\battlefield\.git\logs\refs\heads...
[2024-12-15 01:33:49] [PROGRESS] resolve files> Scanning C:\Users\Иван\Documents\battlefield\.git\logs\refs\remotes...
[2024-12-15 01:33:49] [PROGRESS] resolve files> Scanning C:\Users\Иван\Documents\battlefield\.git\logs\refs\remotes\origin...
[2024-12-15 01:33:49] [PROGRESS] resolve files> Scanning C:\Users\Иван\Documents\battlefield\.git\objects...
[2024-12-15 01:33:49] [PROGRESS] resolve files> Scanning C:\Users\Иван\Documents\battlefield\.git\objects\0e...
[2024-12-15 01:33:49] [PROGRESS] resolve files> Scanning C:\Users\Иван\Documents\battlefield\.git\objects\43...
[2024-12-15 01:33:49] [PROGRESS] resolve files> Scanning C:\Users\Иван\Documents\battlefield\.git\objects\58...
[2024-12-15 01:33:49] [PROGRESS] resolve files> Scanning C:\Users\Иван\Documents\battlefield\.git\objects\5a...
[2024-12-15 01:33:49] [PROGRESS] resolve files> Scanning C:\Users\Иван\Documents\battlefield\.git\objects\63...
[2024-12-15 01:33:49] [PROGRESS] resolve files> Scanning C:\Users\Иван\Documents\battlefield\.git\objects\74...
[2024-12-15 01:33:49] [PROGRESS] resolve files> Scanning C:\Users\Иван\Documents\battlefield\.git\objects\78...
[2024-12-15 01:33:49] [PROGRESS] resolve files> Scanning C:\Users\Иван\Documents\battlefield\.git\objects\93...
[2024-12-15 01:33:49] [PROGRESS] resolve files> Scanning C:\Users\Иван\Documents\battlefield\.git\objects\d7...
[2024-12-15 01:33:49] [PROGRESS] resolve files> Scanning C:\Users\Иван\Documents\battlefield\.git\objects\df...
[2024-12-15 01:33:49] [PROGRESS] resolve files> Scanning C:\Users\Иван\Documents\battlefield\.git\objects\info...
[2024-12-15 01:33:49] [PROGRESS] resolve files> Scanning C:\Users\Иван\Documents\battlefield\.git\objects\pack...
[2024-12-15 01:33:49] [PROGRESS] resolve files> Scanning C:\Users\Иван\Documents\battlefield\.git\refs...
[2024-12-15 01:33:49] [PROGRESS] resolve files> Scanning C:\Users\Иван\Documents\battlefield\.git\refs\heads...
[2024-12-15 01:33:49] [PROGRESS] resolve files> Scanning C:\Users\Иван\Documents\battlefield\.git\refs\remotes...
[2024-12-15 01:33:49] [PROGRESS] resolve files> Scanning C:\Users\Иван\Documents\battlefield\.git\refs\remotes\origin...
[2024-12-15 01:33:49] [PROGRESS] resolve files> Scanning C:\Users\Иван\Documents\battlefield\.git\refs\tags...
[2024-12-15 01:33:49] [PROGRESS] resolve files> Scanning C:\Users\Иван\Documents\battlefield\my-database...
[2024-12-15 01:33:49] [PROGRESS] resolve files> Scanning C:\Users\Иван\Documents\battlefield\my-database\diagnostic...
[2024-12-15 01:33:49] [PROGRESS] resolve files> Scanning C:\Users\Иван\Documents\battlefield\my-database\diagnostic\extractors...
[2024-12-15 01:33:49] [PROGRESS] resolve files> Scanning C:\Users\Иван\Documents\battlefield\my-database\diagnostic\extractors\python...
[2024-12-15 01:33:49] [PROGRESS] resolve files> Scanning C:\Users\Иван\Documents\battlefield\my-database\diagnostic\tracer...
[2024-12-15 01:33:49] [PROGRESS] resolve files> Scanning C:\Users\Иван\Documents\battlefield\my-database\log...
[2024-12-15 01:33:49] [PROGRESS] resolve files> Scanning C:\Users\Иван\Documents\battlefield\my-database\src...
[2024-12-15 01:33:49] [PROGRESS] resolve files> Scanning C:\Users\Иван\Documents\battlefield\my-database\src\C_...
[2024-12-15 01:33:49] [PROGRESS] resolve files> Scanning C:\Users\Иван\Documents\battlefield\my-database\src\C_\Users...
[2024-12-15 01:33:49] [PROGRESS] resolve files> Scanning C:\Users\Иван\Documents\battlefield\my-database\src\C_\Users\Иван...
[2024-12-15 01:33:49] [PROGRESS] resolve files> Scanning C:\Users\Иван\Documents\battlefield\my-database\src\C_\Users\Иван\Documents...
[2024-12-15 01:33:49] [PROGRESS] resolve files> Scanning C:\Users\Иван\Documents\battlefield\my-database\src\C_\Users\Иван\Documents\battlefield...
[2024-12-15 01:33:49] [PROGRESS] resolve files> Scanning C:\Users\Иван\Documents\battlefield\my-database\trap...
[2024-12-15 01:33:49] [PROGRESS] resolve files> Scanning C:\Users\Иван\Documents\battlefield\my-database\trap\python...
[2024-12-15 01:33:49] [PROGRESS] resolve files> Scanning C:\Users\Иван\Documents\battlefield\my-database\working...
[2024-12-15 01:33:49] [PROGRESS] resolve files> Scanning C:\Users\Иван\Documents\battlefield\my-database\working\trap_cache...
[2024-12-15 01:33:49] [PROGRESS] resolve files> Scanning C:\Users\Иван\Documents\battlefield\my-database\working\trap_cache\1...
[2024-12-15 01:33:49] [PROGRESS] resolve files> Scanning C:\Users\Иван\Documents\battlefield\ql_db...
[2024-12-15 01:33:49] [PROGRESS] resolve files> Scanning C:\Users\Иван\Documents\battlefield\ql_qu...
[2024-12-15 01:33:49] [PROGRESS] resolve files> Scanning C:\Users\Иван\Documents\battlefield\sonar-scanner-6.2.1.4610-windows-x64...
[2024-12-15 01:33:49] [PROGRESS] resolve files> Scanning C:\Users\Иван\Documents\battlefield\sonar-scanner-6.2.1.4610-windows-x64\.git...
[2024-12-15 01:33:49] [PROGRESS] resolve files> Scanning C:\Users\Иван\Documents\battlefield\sonar-scanner-6.2.1.4610-windows-x64\.git\hooks...
[2024-12-15 01:33:49] [PROGRESS] resolve files> Scanning C:\Users\Иван\Documents\battlefield\sonar-scanner-6.2.1.4610-windows-x64\.git\info...
[2024-12-15 01:33:49] [PROGRESS] resolve files> Scanning C:\Users\Иван\Documents\battlefield\sonar-scanner-6.2.1.4610-windows-x64\.git\logs...
[2024-12-15 01:33:49] [PROGRESS] resolve files> Scanning C:\Users\Иван\Documents\battlefield\sonar-scanner-6.2.1.4610-windows-x64\.git\logs\refs...
[2024-12-15 01:33:49] [PROGRESS] resolve files> Scanning C:\Users\Иван\Documents\battlefield\sonar-scanner-6.2.1.4610-windows-x64\.git\logs\refs\heads...
[2024-12-15 01:33:49] [PROGRESS] resolve files> Scanning C:\Users\Иван\Documents\battlefield\sonar-scanner-6.2.1.4610-windows-x64\.git\objects...
[2024-12-15 01:33:49] [PROGRESS] resolve files> Scanning C:\Users\Иван\Documents\battlefield\sonar-scanner-6.2.1.4610-windows-x64\.git\objects\01...
[2024-12-15 01:33:49] [PROGRESS] resolve files> Scanning C:\Users\Иван\Documents\battlefield\sonar-scanner-6.2.1.4610-windows-x64\.git\objects\02...
[2024-12-15 01:33:49] [PROGRESS] resolve files> Scanning C:\Users\Иван\Documents\battlefield\sonar-scanner-6.2.1.4610-windows-x64\.git\objects\06...
[2024-12-15 01:33:49] [PROGRESS] resolve files> Scanning C:\Users\Иван\Documents\battlefield\sonar-scanner-6.2.1.4610-windows-x64\.git\objects\07...
[2024-12-15 01:33:49] [PROGRESS] resolve files> Scanning C:\Users\Иван\Documents\battlefield\sonar-scanner-6.2.1.4610-windows-x64\.git\objects\08...
[2024-12-15 01:33:49] [PROGRESS] resolve files> Scanning C:\Users\Иван\Documents\battlefield\sonar-scanner-6.2.1.4610-windows-x64\.git\objects\09...
[2024-12-15 01:33:49] [PROGRESS] resolve files> Scanning C:\Users\Иван\Documents\battlefield\sonar-scanner-6.2.1.4610-windows-x64\.git\objects\0a...
[2024-12-15 01:33:49] [PROGRESS] resolve files> Scanning C:\Users\Иван\Documents\battlefield\sonar-scanner-6.2.1.4610-windows-x64\.git\objects\0b...
[2024-12-15 01:33:49] [PROGRESS] resolve files> Scanning C:\Users\Иван\Documents\battlefield\sonar-scanner-6.2.1.4610-windows-x64\.git\objects\0c...
[2024-12-15 01:33:49] [PROGRESS] resolve files> Scanning C:\Users\Иван\Documents\battlefield\sonar-scanner-6.2.1.4610-windows-x64\.git\objects\0d...
[2024-12-15 01:33:49] [PROGRESS] resolve files> Scanning C:\Users\Иван\Documents\battlefield\sonar-scanner-6.2.1.4610-windows-x64\.git\objects\0f...
[2024-12-15 01:33:49] [PROGRESS] resolve files> Scanning C:\Users\Иван\Documents\battlefield\sonar-scanner-6.2.1.4610-windows-x64\.git\objects\10...
[2024-12-15 01:33:49] [PROGRESS] resolve files> Scanning C:\Users\Иван\Documents\battlefield\sonar-scanner-6.2.1.4610-windows-x64\.git\objects\13...
[2024-12-15 01:33:49] [PROGRESS] resolve files> Scanning C:\Users\Иван\Documents\battlefield\sonar-scanner-6.2.1.4610-windows-x64\.git\objects\14...
[2024-12-15 01:33:49] [PROGRESS] resolve files> Scanning C:\Users\Иван\Documents\battlefield\sonar-scanner-6.2.1.4610-windows-x64\.git\objects\15...
[2024-12-15 01:33:49] [PROGRESS] resolve files> Scanning C:\Users\Иван\Documents\battlefield\sonar-scanner-6.2.1.4610-windows-x64\.git\objects\16...
[2024-12-15 01:33:49] [PROGRESS] resolve files> Scanning C:\Users\Иван\Documents\battlefield\sonar-scanner-6.2.1.4610-windows-x64\.git\objects\1a...
[2024-12-15 01:33:49] [PROGRESS] resolve files> Scanning C:\Users\Иван\Documents\battlefield\sonar-scanner-6.2.1.4610-windows-x64\.git\objects\1d...
[2024-12-15 01:33:49] [PROGRESS] resolve files> Scanning C:\Users\Иван\Documents\battlefield\sonar-scanner-6.2.1.4610-windows-x64\.git\objects\1e...
[2024-12-15 01:33:49] [PROGRESS] resolve files> Scanning C:\Users\Иван\Documents\battlefield\sonar-scanner-6.2.1.4610-windows-x64\.git\objects\1f...
[2024-12-15 01:33:49] [PROGRESS] resolve files> Scanning C:\Users\Иван\Documents\battlefield\sonar-scanner-6.2.1.4610-windows-x64\.git\objects\23...
[2024-12-15 01:33:49] [PROGRESS] resolve files> Scanning C:\Users\Иван\Documents\battlefield\sonar-scanner-6.2.1.4610-windows-x64\.git\objects\24...
[2024-12-15 01:33:49] [PROGRESS] resolve files> Scanning C:\Users\Иван\Documents\battlefield\sonar-scanner-6.2.1.4610-windows-x64\.git\objects\27...
[2024-12-15 01:33:49] [PROGRESS] resolve files> Scanning C:\Users\Иван\Documents\battlefield\sonar-scanner-6.2.1.4610-windows-x64\.git\objects\29...
[2024-12-15 01:33:49] [PROGRESS] resolve files> Scanning C:\Users\Иван\Documents\battlefield\sonar-scanner-6.2.1.4610-windows-x64\.git\objects\2a...
[2024-12-15 01:33:49] [PROGRESS] resolve files> Scanning C:\Users\Иван\Documents\battlefield\sonar-scanner-6.2.1.4610-windows-x64\.git\objects\2b...
[2024-12-15 01:33:49] [PROGRESS] resolve files> Scanning C:\Users\Иван\Documents\battlefield\sonar-scanner-6.2.1.4610-windows-x64\.git\objects\2c...
[2024-12-15 01:33:49] [PROGRESS] resolve files> Scanning C:\Users\Иван\Documents\battlefield\sonar-scanner-6.2.1.4610-windows-x64\.git\objects\2d...
[2024-12-15 01:33:49] [PROGRESS] resolve files> Scanning C:\Users\Иван\Documents\battlefield\sonar-scanner-6.2.1.4610-windows-x64\.git\objects\2f...
[2024-12-15 01:33:49] [PROGRESS] resolve files> Scanning C:\Users\Иван\Documents\battlefield\sonar-scanner-6.2.1.4610-windows-x64\.git\objects\30...
[2024-12-15 01:33:49] [PROGRESS] resolve files> Scanning C:\Users\Иван\Documents\battlefield\sonar-scanner-6.2.1.4610-windows-x64\.git\objects\34...
[2024-12-15 01:33:49] [PROGRESS] resolve files> Scanning C:\Users\Иван\Documents\battlefield\sonar-scanner-6.2.1.4610-windows-x64\.git\objects\37...
[2024-12-15 01:33:49] [PROGRESS] resolve files> Scanning C:\Users\Иван\Documents\battlefield\sonar-scanner-6.2.1.4610-windows-x64\.git\objects\38...
[2024-12-15 01:33:49] [PROGRESS] resolve files> Scanning C:\Users\Иван\Documents\battlefield\sonar-scanner-6.2.1.4610-windows-x64\.git\objects\39...
[2024-12-15 01:33:49] [PROGRESS] resolve files> Scanning C:\Users\Иван\Documents\battlefield\sonar-scanner-6.2.1.4610-windows-x64\.git\objects\3a...
[2024-12-15 01:33:49] [PROGRESS] resolve files> Scanning C:\Users\Иван\Documents\battlefield\sonar-scanner-6.2.1.4610-windows-x64\.git\objects\3d...
[2024-12-15 01:33:49] [PROGRESS] resolve files> Scanning C:\Users\Иван\Documents\battlefield\sonar-scanner-6.2.1.4610-windows-x64\.git\objects\41...
[2024-12-15 01:33:49] [PROGRESS] resolve files> Scanning C:\Users\Иван\Documents\battlefield\sonar-scanner-6.2.1.4610-windows-x64\.git\objects\42...
[2024-12-15 01:33:49] [PROGRESS] resolve files> Scanning C:\Users\Иван\Documents\battlefield\sonar-scanner-6.2.1.4610-windows-x64\.git\objects\45...
[2024-12-15 01:33:49] [PROGRESS] resolve files> Scanning C:\Users\Иван\Documents\battlefield\sonar-scanner-6.2.1.4610-windows-x64\.git\objects\47...
[2024-12-15 01:33:49] [PROGRESS] resolve files> Scanning C:\Users\Иван\Documents\battlefield\sonar-scanner-6.2.1.4610-windows-x64\.git\objects\48...
[2024-12-15 01:33:49] [PROGRESS] resolve files> Scanning C:\Users\Иван\Documents\battlefield\sonar-scanner-6.2.1.4610-windows-x64\.git\objects\4a...
[2024-12-15 01:33:49] [PROGRESS] resolve files> Scanning C:\Users\Иван\Documents\battlefield\sonar-scanner-6.2.1.4610-windows-x64\.git\objects\4d...
[2024-12-15 01:33:49] [PROGRESS] resolve files> Scanning C:\Users\Иван\Documents\battlefield\sonar-scanner-6.2.1.4610-windows-x64\.git\objects\4e...
[2024-12-15 01:33:49] [PROGRESS] resolve files> Scanning C:\Users\Иван\Documents\battlefield\sonar-scanner-6.2.1.4610-windows-x64\.git\objects\4f...
[2024-12-15 01:33:49] [PROGRESS] resolve files> Scanning C:\Users\Иван\Documents\battlefield\sonar-scanner-6.2.1.4610-windows-x64\.git\objects\53...
[2024-12-15 01:33:49] [PROGRESS] resolve files> Scanning C:\Users\Иван\Documents\battlefield\sonar-scanner-6.2.1.4610-windows-x64\.git\objects\55...
[2024-12-15 01:33:49] [PROGRESS] resolve files> Scanning C:\Users\Иван\Documents\battlefield\sonar-scanner-6.2.1.4610-windows-x64\.git\objects\59...
[2024-12-15 01:33:49] [PROGRESS] resolve files> Scanning C:\Users\Иван\Documents\battlefield\sonar-scanner-6.2.1.4610-windows-x64\.git\objects\5b...
[2024-12-15 01:33:49] [PROGRESS] resolve files> Scanning C:\Users\Иван\Documents\battlefield\sonar-scanner-6.2.1.4610-windows-x64\.git\objects\5e...
[2024-12-15 01:33:49] [PROGRESS] resolve files> Scanning C:\Users\Иван\Documents\battlefield\sonar-scanner-6.2.1.4610-windows-x64\.git\objects\61...
[2024-12-15 01:33:49] [PROGRESS] resolve files> Scanning C:\Users\Иван\Documents\battlefield\sonar-scanner-6.2.1.4610-windows-x64\.git\objects\63...
[2024-12-15 01:33:49] [PROGRESS] resolve files> Scanning C:\Users\Иван\Documents\battlefield\sonar-scanner-6.2.1.4610-windows-x64\.git\objects\68...
[2024-12-15 01:33:49] [PROGRESS] resolve files> Scanning C:\Users\Иван\Documents\battlefield\sonar-scanner-6.2.1.4610-windows-x64\.git\objects\6a...
[2024-12-15 01:33:49] [PROGRESS] resolve files> Scanning C:\Users\Иван\Documents\battlefield\sonar-scanner-6.2.1.4610-windows-x64\.git\objects\6b...
[2024-12-15 01:33:49] [PROGRESS] resolve files> Scanning C:\Users\Иван\Documents\battlefield\sonar-scanner-6.2.1.4610-windows-x64\.git\objects\6d...
[2024-12-15 01:33:49] [PROGRESS] resolve files> Scanning C:\Users\Иван\Documents\battlefield\sonar-scanner-6.2.1.4610-windows-x64\.git\objects\70...
[2024-12-15 01:33:49] [PROGRESS] resolve files> Scanning C:\Users\Иван\Documents\battlefield\sonar-scanner-6.2.1.4610-windows-x64\.git\objects\71...
[2024-12-15 01:33:49] [PROGRESS] resolve files> Scanning C:\Users\Иван\Documents\battlefield\sonar-scanner-6.2.1.4610-windows-x64\.git\objects\72...
[2024-12-15 01:33:49] [PROGRESS] resolve files> Scanning C:\Users\Иван\Documents\battlefield\sonar-scanner-6.2.1.4610-windows-x64\.git\objects\73...
[2024-12-15 01:33:49] [PROGRESS] resolve files> Scanning C:\Users\Иван\Documents\battlefield\sonar-scanner-6.2.1.4610-windows-x64\.git\objects\76...
[2024-12-15 01:33:49] [PROGRESS] resolve files> Scanning C:\Users\Иван\Documents\battlefield\sonar-scanner-6.2.1.4610-windows-x64\.git\objects\78...
[2024-12-15 01:33:49] [PROGRESS] resolve files> Scanning C:\Users\Иван\Documents\battlefield\sonar-scanner-6.2.1.4610-windows-x64\.git\objects\7c...
[2024-12-15 01:33:49] [PROGRESS] resolve files> Scanning C:\Users\Иван\Documents\battlefield\sonar-scanner-6.2.1.4610-windows-x64\.git\objects\80...
[2024-12-15 01:33:49] [PROGRESS] resolve files> Scanning C:\Users\Иван\Documents\battlefield\sonar-scanner-6.2.1.4610-windows-x64\.git\objects\81...
[2024-12-15 01:33:49] [PROGRESS] resolve files> Scanning C:\Users\Иван\Documents\battlefield\sonar-scanner-6.2.1.4610-windows-x64\.git\objects\82...
[2024-12-15 01:33:49] [PROGRESS] resolve files> Scanning C:\Users\Иван\Documents\battlefield\sonar-scanner-6.2.1.4610-windows-x64\.git\objects\84...
[2024-12-15 01:33:49] [PROGRESS] resolve files> Scanning C:\Users\Иван\Documents\battlefield\sonar-scanner-6.2.1.4610-windows-x64\.git\objects\85...
[2024-12-15 01:33:49] [PROGRESS] resolve files> Scanning C:\Users\Иван\Documents\battlefield\sonar-scanner-6.2.1.4610-windows-x64\.git\objects\86...
[2024-12-15 01:33:49] [PROGRESS] resolve files> Scanning C:\Users\Иван\Documents\battlefield\sonar-scanner-6.2.1.4610-windows-x64\.git\objects\87...
[2024-12-15 01:33:49] [PROGRESS] resolve files> Scanning C:\Users\Иван\Documents\battlefield\sonar-scanner-6.2.1.4610-windows-x64\.git\objects\88...
[2024-12-15 01:33:49] [PROGRESS] resolve files> Scanning C:\Users\Иван\Documents\battlefield\sonar-scanner-6.2.1.4610-windows-x64\.git\objects\8a...
[2024-12-15 01:33:49] [PROGRESS] resolve files> Scanning C:\Users\Иван\Documents\battlefield\sonar-scanner-6.2.1.4610-windows-x64\.git\objects\8b...
[2024-12-15 01:33:49] [PROGRESS] resolve files> Scanning C:\Users\Иван\Documents\battlefield\sonar-scanner-6.2.1.4610-windows-x64\.git\objects\8c...
[2024-12-15 01:33:49] [PROGRESS] resolve files> Scanning C:\Users\Иван\Documents\battlefield\sonar-scanner-6.2.1.4610-windows-x64\.git\objects\8f...
[2024-12-15 01:33:49] [PROGRESS] resolve files> Scanning C:\Users\Иван\Documents\battlefield\sonar-scanner-6.2.1.4610-windows-x64\.git\objects\91...
[2024-12-15 01:33:49] [PROGRESS] resolve files> Scanning C:\Users\Иван\Documents\battlefield\sonar-scanner-6.2.1.4610-windows-x64\.git\objects\92...
[2024-12-15 01:33:49] [PROGRESS] resolve files> Scanning C:\Users\Иван\Documents\battlefield\sonar-scanner-6.2.1.4610-windows-x64\.git\objects\94...
[2024-12-15 01:33:49] [PROGRESS] resolve files> Scanning C:\Users\Иван\Documents\battlefield\sonar-scanner-6.2.1.4610-windows-x64\.git\objects\97...
[2024-12-15 01:33:49] [PROGRESS] resolve files> Scanning C:\Users\Иван\Documents\battlefield\sonar-scanner-6.2.1.4610-windows-x64\.git\objects\99...
[2024-12-15 01:33:49] [PROGRESS] resolve files> Scanning C:\Users\Иван\Documents\battlefield\sonar-scanner-6.2.1.4610-windows-x64\.git\objects\9d...
[2024-12-15 01:33:49] [PROGRESS] resolve files> Scanning C:\Users\Иван\Documents\battlefield\sonar-scanner-6.2.1.4610-windows-x64\.git\objects\9e...
[2024-12-15 01:33:49] [PROGRESS] resolve files> Scanning C:\Users\Иван\Documents\battlefield\sonar-scanner-6.2.1.4610-windows-x64\.git\objects\a0...
[2024-12-15 01:33:49] [PROGRESS] resolve files> Scanning C:\Users\Иван\Documents\battlefield\sonar-scanner-6.2.1.4610-windows-x64\.git\objects\a1...
[2024-12-15 01:33:49] [PROGRESS] resolve files> Scanning C:\Users\Иван\Documents\battlefield\sonar-scanner-6.2.1.4610-windows-x64\.git\objects\a3...
[2024-12-15 01:33:49] [PROGRESS] resolve files> Scanning C:\Users\Иван\Documents\battlefield\sonar-scanner-6.2.1.4610-windows-x64\.git\objects\a4...
[2024-12-15 01:33:49] [PROGRESS] resolve files> Scanning C:\Users\Иван\Documents\battlefield\sonar-scanner-6.2.1.4610-windows-x64\.git\objects\a9...
[2024-12-15 01:33:49] [PROGRESS] resolve files> Scanning C:\Users\Иван\Documents\battlefield\sonar-scanner-6.2.1.4610-windows-x64\.git\objects\aa...
[2024-12-15 01:33:49] [PROGRESS] resolve files> Scanning C:\Users\Иван\Documents\battlefield\sonar-scanner-6.2.1.4610-windows-x64\.git\objects\ab...
[2024-12-15 01:33:49] [PROGRESS] resolve files> Scanning C:\Users\Иван\Documents\battlefield\sonar-scanner-6.2.1.4610-windows-x64\.git\objects\ae...
[2024-12-15 01:33:49] [PROGRESS] resolve files> Scanning C:\Users\Иван\Documents\battlefield\sonar-scanner-6.2.1.4610-windows-x64\.git\objects\b0...
[2024-12-15 01:33:49] [PROGRESS] resolve files> Scanning C:\Users\Иван\Documents\battlefield\sonar-scanner-6.2.1.4610-windows-x64\.git\objects\b1...
[2024-12-15 01:33:49] [PROGRESS] resolve files> Scanning C:\Users\Иван\Documents\battlefield\sonar-scanner-6.2.1.4610-windows-x64\.git\objects\b4...
[2024-12-15 01:33:49] [PROGRESS] resolve files> Scanning C:\Users\Иван\Documents\battlefield\sonar-scanner-6.2.1.4610-windows-x64\.git\objects\b6...
[2024-12-15 01:33:49] [PROGRESS] resolve files> Scanning C:\Users\Иван\Documents\battlefield\sonar-scanner-6.2.1.4610-windows-x64\.git\objects\b9...
[2024-12-15 01:33:49] [PROGRESS] resolve files> Scanning C:\Users\Иван\Documents\battlefield\sonar-scanner-6.2.1.4610-windows-x64\.git\objects\bc...
[2024-12-15 01:33:49] [PROGRESS] resolve files> Scanning C:\Users\Иван\Documents\battlefield\sonar-scanner-6.2.1.4610-windows-x64\.git\objects\bd...
[2024-12-15 01:33:49] [PROGRESS] resolve files> Scanning C:\Users\Иван\Documents\battlefield\sonar-scanner-6.2.1.4610-windows-x64\.git\objects\be...
[2024-12-15 01:33:49] [PROGRESS] resolve files> Scanning C:\Users\Иван\Documents\battlefield\sonar-scanner-6.2.1.4610-windows-x64\.git\objects\c1...
[2024-12-15 01:33:49] [PROGRESS] resolve files> Scanning C:\Users\Иван\Documents\battlefield\sonar-scanner-6.2.1.4610-windows-x64\.git\objects\c2...
[2024-12-15 01:33:49] [PROGRESS] resolve files> Scanning C:\Users\Иван\Documents\battlefield\sonar-scanner-6.2.1.4610-windows-x64\.git\objects\c4...
[2024-12-15 01:33:49] [PROGRESS] resolve files> Scanning C:\Users\Иван\Documents\battlefield\sonar-scanner-6.2.1.4610-windows-x64\.git\objects\c5...
[2024-12-15 01:33:49] [PROGRESS] resolve files> Scanning C:\Users\Иван\Documents\battlefield\sonar-scanner-6.2.1.4610-windows-x64\.git\objects\c7...
[2024-12-15 01:33:49] [PROGRESS] resolve files> Scanning C:\Users\Иван\Documents\battlefield\sonar-scanner-6.2.1.4610-windows-x64\.git\objects\c8...
[2024-12-15 01:33:49] [PROGRESS] resolve files> Scanning C:\Users\Иван\Documents\battlefield\sonar-scanner-6.2.1.4610-windows-x64\.git\objects\c9...
[2024-12-15 01:33:49] [PROGRESS] resolve files> Scanning C:\Users\Иван\Documents\battlefield\sonar-scanner-6.2.1.4610-windows-x64\.git\objects\ca...
[2024-12-15 01:33:49] [PROGRESS] resolve files> Scanning C:\Users\Иван\Documents\battlefield\sonar-scanner-6.2.1.4610-windows-x64\.git\objects\cd...
[2024-12-15 01:33:49] [PROGRESS] resolve files> Scanning C:\Users\Иван\Documents\battlefield\sonar-scanner-6.2.1.4610-windows-x64\.git\objects\ce...
[2024-12-15 01:33:49] [PROGRESS] resolve files> Scanning C:\Users\Иван\Documents\battlefield\sonar-scanner-6.2.1.4610-windows-x64\.git\objects\cf...
[2024-12-15 01:33:49] [PROGRESS] resolve files> Scanning C:\Users\Иван\Documents\battlefield\sonar-scanner-6.2.1.4610-windows-x64\.git\objects\d0...
[2024-12-15 01:33:49] [PROGRESS] resolve files> Scanning C:\Users\Иван\Documents\battlefield\sonar-scanner-6.2.1.4610-windows-x64\.git\objects\d1...
[2024-12-15 01:33:49] [PROGRESS] resolve files> Scanning C:\Users\Иван\Documents\battlefield\sonar-scanner-6.2.1.4610-windows-x64\.git\objects\d2...
[2024-12-15 01:33:49] [PROGRESS] resolve files> Scanning C:\Users\Иван\Documents\battlefield\sonar-scanner-6.2.1.4610-windows-x64\.git\objects\d4...
[2024-12-15 01:33:49] [PROGRESS] resolve files> Scanning C:\Users\Иван\Documents\battlefield\sonar-scanner-6.2.1.4610-windows-x64\.git\objects\d5...
[2024-12-15 01:33:49] [PROGRESS] resolve files> Scanning C:\Users\Иван\Documents\battlefield\sonar-scanner-6.2.1.4610-windows-x64\.git\objects\d7...
[2024-12-15 01:33:49] [PROGRESS] resolve files> Scanning C:\Users\Иван\Documents\battlefield\sonar-scanner-6.2.1.4610-windows-x64\.git\objects\d9...
[2024-12-15 01:33:49] [PROGRESS] resolve files> Scanning C:\Users\Иван\Documents\battlefield\sonar-scanner-6.2.1.4610-windows-x64\.git\objects\da...
[2024-12-15 01:33:49] [PROGRESS] resolve files> Scanning C:\Users\Иван\Documents\battlefield\sonar-scanner-6.2.1.4610-windows-x64\.git\objects\db...
[2024-12-15 01:33:49] [PROGRESS] resolve files> Scanning C:\Users\Иван\Documents\battlefield\sonar-scanner-6.2.1.4610-windows-x64\.git\objects\dc...
[2024-12-15 01:33:49] [PROGRESS] resolve files> Scanning C:\Users\Иван\Documents\battlefield\sonar-scanner-6.2.1.4610-windows-x64\.git\objects\de...
[2024-12-15 01:33:49] [PROGRESS] resolve files> Scanning C:\Users\Иван\Documents\battlefield\sonar-scanner-6.2.1.4610-windows-x64\.git\objects\df...
[2024-12-15 01:33:49] [PROGRESS] resolve files> Scanning C:\Users\Иван\Documents\battlefield\sonar-scanner-6.2.1.4610-windows-x64\.git\objects\e1...
[2024-12-15 01:33:49] [PROGRESS] resolve files> Scanning C:\Users\Иван\Documents\battlefield\sonar-scanner-6.2.1.4610-windows-x64\.git\objects\e2...
[2024-12-15 01:33:49] [PROGRESS] resolve files> Scanning C:\Users\Иван\Documents\battlefield\sonar-scanner-6.2.1.4610-windows-x64\.git\objects\e4...
[2024-12-15 01:33:49] [PROGRESS] resolve files> Scanning C:\Users\Иван\Documents\battlefield\sonar-scanner-6.2.1.4610-windows-x64\.git\objects\e5...
[2024-12-15 01:33:49] [PROGRESS] resolve files> Scanning C:\Users\Иван\Documents\battlefield\sonar-scanner-6.2.1.4610-windows-x64\.git\objects\e6...
[2024-12-15 01:33:49] [PROGRESS] resolve files> Scanning C:\Users\Иван\Documents\battlefield\sonar-scanner-6.2.1.4610-windows-x64\.git\objects\e8...
[2024-12-15 01:33:49] [PROGRESS] resolve files> Scanning C:\Users\Иван\Documents\battlefield\sonar-scanner-6.2.1.4610-windows-x64\.git\objects\e9...
[2024-12-15 01:33:49] [PROGRESS] resolve files> Scanning C:\Users\Иван\Documents\battlefield\sonar-scanner-6.2.1.4610-windows-x64\.git\objects\ec...
[2024-12-15 01:33:49] [PROGRESS] resolve files> Scanning C:\Users\Иван\Documents\battlefield\sonar-scanner-6.2.1.4610-windows-x64\.git\objects\ed...
[2024-12-15 01:33:49] [PROGRESS] resolve files> Scanning C:\Users\Иван\Documents\battlefield\sonar-scanner-6.2.1.4610-windows-x64\.git\objects\ee...
[2024-12-15 01:33:49] [PROGRESS] resolve files> Scanning C:\Users\Иван\Documents\battlefield\sonar-scanner-6.2.1.4610-windows-x64\.git\objects\f0...
[2024-12-15 01:33:49] [PROGRESS] resolve files> Scanning C:\Users\Иван\Documents\battlefield\sonar-scanner-6.2.1.4610-windows-x64\.git\objects\f2...
[2024-12-15 01:33:49] [PROGRESS] resolve files> Scanning C:\Users\Иван\Documents\battlefield\sonar-scanner-6.2.1.4610-windows-x64\.git\objects\f4...
[2024-12-15 01:33:49] [PROGRESS] resolve files> Scanning C:\Users\Иван\Documents\battlefield\sonar-scanner-6.2.1.4610-windows-x64\.git\objects\f6...
[2024-12-15 01:33:49] [PROGRESS] resolve files> Scanning C:\Users\Иван\Documents\battlefield\sonar-scanner-6.2.1.4610-windows-x64\.git\objects\f8...
[2024-12-15 01:33:49] [PROGRESS] resolve files> Scanning C:\Users\Иван\Documents\battlefield\sonar-scanner-6.2.1.4610-windows-x64\.git\objects\f9...
[2024-12-15 01:33:49] [PROGRESS] resolve files> Scanning C:\Users\Иван\Documents\battlefield\sonar-scanner-6.2.1.4610-windows-x64\.git\objects\fb...
[2024-12-15 01:33:49] [PROGRESS] resolve files> Scanning C:\Users\Иван\Documents\battlefield\sonar-scanner-6.2.1.4610-windows-x64\.git\objects\fc...
[2024-12-15 01:33:49] [PROGRESS] resolve files> Scanning C:\Users\Иван\Documents\battlefield\sonar-scanner-6.2.1.4610-windows-x64\.git\objects\fd...
[2024-12-15 01:33:49] [PROGRESS] resolve files> Scanning C:\Users\Иван\Documents\battlefield\sonar-scanner-6.2.1.4610-windows-x64\.git\objects\fe...
[2024-12-15 01:33:49] [PROGRESS] resolve files> Scanning C:\Users\Иван\Documents\battlefield\sonar-scanner-6.2.1.4610-windows-x64\.git\objects\ff...
[2024-12-15 01:33:49] [PROGRESS] resolve files> Scanning C:\Users\Иван\Documents\battlefield\sonar-scanner-6.2.1.4610-windows-x64\.git\objects\info...
[2024-12-15 01:33:49] [PROGRESS] resolve files> Scanning C:\Users\Иван\Documents\battlefield\sonar-scanner-6.2.1.4610-windows-x64\.git\objects\pack...
[2024-12-15 01:33:49] [PROGRESS] resolve files> Scanning C:\Users\Иван\Documents\battlefield\sonar-scanner-6.2.1.4610-windows-x64\.git\refs...
[2024-12-15 01:33:49] [PROGRESS] resolve files> Scanning C:\Users\Иван\Documents\battlefield\sonar-scanner-6.2.1.4610-windows-x64\.git\refs\heads...
[2024-12-15 01:33:49] [PROGRESS] resolve files> Scanning C:\Users\Иван\Documents\battlefield\sonar-scanner-6.2.1.4610-windows-x64\.git\refs\tags...
[2024-12-15 01:33:49] [PROGRESS] resolve files> Scanning C:\Users\Иван\Documents\battlefield\sonar-scanner-6.2.1.4610-windows-x64\bin...
[2024-12-15 01:33:49] [PROGRESS] resolve files> Scanning C:\Users\Иван\Documents\battlefield\sonar-scanner-6.2.1.4610-windows-x64\conf...
[2024-12-15 01:33:49] [PROGRESS] resolve files> Scanning C:\Users\Иван\Documents\battlefield\sonar-scanner-6.2.1.4610-windows-x64\jre...
[2024-12-15 01:33:49] [PROGRESS] resolve files> Scanning C:\Users\Иван\Documents\battlefield\sonar-scanner-6.2.1.4610-windows-x64\jre\bin...
[2024-12-15 01:33:49] [PROGRESS] resolve files> Scanning C:\Users\Иван\Documents\battlefield\sonar-scanner-6.2.1.4610-windows-x64\jre\bin\server...
[2024-12-15 01:33:49] [PROGRESS] resolve files> Scanning C:\Users\Иван\Documents\battlefield\sonar-scanner-6.2.1.4610-windows-x64\jre\conf...
[2024-12-15 01:33:49] [PROGRESS] resolve files> Scanning C:\Users\Иван\Documents\battlefield\sonar-scanner-6.2.1.4610-windows-x64\jre\conf\management...
[2024-12-15 01:33:49] [PROGRESS] resolve files> Scanning C:\Users\Иван\Documents\battlefield\sonar-scanner-6.2.1.4610-windows-x64\jre\conf\security...
[2024-12-15 01:33:49] [PROGRESS] resolve files> Scanning C:\Users\Иван\Documents\battlefield\sonar-scanner-6.2.1.4610-windows-x64\jre\conf\security\policy...
[2024-12-15 01:33:49] [PROGRESS] resolve files> Scanning C:\Users\Иван\Documents\battlefield\sonar-scanner-6.2.1.4610-windows-x64\jre\conf\security\policy\limited...
[2024-12-15 01:33:49] [PROGRESS] resolve files> Scanning C:\Users\Иван\Documents\battlefield\sonar-scanner-6.2.1.4610-windows-x64\jre\conf\security\policy\unlimited...
[2024-12-15 01:33:49] [PROGRESS] resolve files> Scanning C:\Users\Иван\Documents\battlefield\sonar-scanner-6.2.1.4610-windows-x64\jre\legal...
[2024-12-15 01:33:49] [PROGRESS] resolve files> Scanning C:\Users\Иван\Documents\battlefield\sonar-scanner-6.2.1.4610-windows-x64\jre\legal\java.base...
[2024-12-15 01:33:49] [PROGRESS] resolve files> Scanning C:\Users\Иван\Documents\battlefield\sonar-scanner-6.2.1.4610-windows-x64\jre\legal\java.compiler...
[2024-12-15 01:33:49] [PROGRESS] resolve files> Scanning C:\Users\Иван\Documents\battlefield\sonar-scanner-6.2.1.4610-windows-x64\jre\legal\java.datatransfer...
[2024-12-15 01:33:49] [PROGRESS] resolve files> Scanning C:\Users\Иван\Documents\battlefield\sonar-scanner-6.2.1.4610-windows-x64\jre\legal\java.desktop...
[2024-12-15 01:33:49] [PROGRESS] resolve files> Scanning C:\Users\Иван\Documents\battlefield\sonar-scanner-6.2.1.4610-windows-x64\jre\legal\java.instrument...
[2024-12-15 01:33:49] [PROGRESS] resolve files> Scanning C:\Users\Иван\Documents\battlefield\sonar-scanner-6.2.1.4610-windows-x64\jre\legal\java.logging...
[2024-12-15 01:33:49] [PROGRESS] resolve files> Scanning C:\Users\Иван\Documents\battlefield\sonar-scanner-6.2.1.4610-windows-x64\jre\legal\java.management...
[2024-12-15 01:33:49] [PROGRESS] resolve files> Scanning C:\Users\Иван\Documents\battlefield\sonar-scanner-6.2.1.4610-windows-x64\jre\legal\java.management.rmi...
[2024-12-15 01:33:49] [PROGRESS] resolve files> Scanning C:\Users\Иван\Documents\battlefield\sonar-scanner-6.2.1.4610-windows-x64\jre\legal\java.naming...
[2024-12-15 01:33:49] [PROGRESS] resolve files> Scanning C:\Users\Иван\Documents\battlefield\sonar-scanner-6.2.1.4610-windows-x64\jre\legal\java.net.http...
[2024-12-15 01:33:49] [PROGRESS] resolve files> Scanning C:\Users\Иван\Documents\battlefield\sonar-scanner-6.2.1.4610-windows-x64\jre\legal\java.prefs...
[2024-12-15 01:33:49] [PROGRESS] resolve files> Scanning C:\Users\Иван\Documents\battlefield\sonar-scanner-6.2.1.4610-windows-x64\jre\legal\java.rmi...
[2024-12-15 01:33:49] [PROGRESS] resolve files> Scanning C:\Users\Иван\Documents\battlefield\sonar-scanner-6.2.1.4610-windows-x64\jre\legal\java.scripting...
[2024-12-15 01:33:49] [PROGRESS] resolve files> Scanning C:\Users\Иван\Documents\battlefield\sonar-scanner-6.2.1.4610-windows-x64\jre\legal\java.se...
[2024-12-15 01:33:49] [PROGRESS] resolve files> Scanning C:\Users\Иван\Documents\battlefield\sonar-scanner-6.2.1.4610-windows-x64\jre\legal\java.security.jgss...
[2024-12-15 01:33:49] [PROGRESS] resolve files> Scanning C:\Users\Иван\Documents\battlefield\sonar-scanner-6.2.1.4610-windows-x64\jre\legal\java.security.sasl...
[2024-12-15 01:33:49] [PROGRESS] resolve files> Scanning C:\Users\Иван\Documents\battlefield\sonar-scanner-6.2.1.4610-windows-x64\jre\legal\java.smartcardio...
[2024-12-15 01:33:49] [PROGRESS] resolve files> Scanning C:\Users\Иван\Documents\battlefield\sonar-scanner-6.2.1.4610-windows-x64\jre\legal\java.sql...
[2024-12-15 01:33:49] [PROGRESS] resolve files> Scanning C:\Users\Иван\Documents\battlefield\sonar-scanner-6.2.1.4610-windows-x64\jre\legal\java.sql.rowset...
[2024-12-15 01:33:49] [PROGRESS] resolve files> Scanning C:\Users\Иван\Documents\battlefield\sonar-scanner-6.2.1.4610-windows-x64\jre\legal\java.transaction.xa...
[2024-12-15 01:33:49] [PROGRESS] resolve files> Scanning C:\Users\Иван\Documents\battlefield\sonar-scanner-6.2.1.4610-windows-x64\jre\legal\java.xml...
[2024-12-15 01:33:49] [PROGRESS] resolve files> Scanning C:\Users\Иван\Documents\battlefield\sonar-scanner-6.2.1.4610-windows-x64\jre\legal\java.xml.crypto...
[2024-12-15 01:33:49] [PROGRESS] resolve files> Scanning C:\Users\Иван\Documents\battlefield\sonar-scanner-6.2.1.4610-windows-x64\jre\legal\jdk.accessibility...
[2024-12-15 01:33:49] [PROGRESS] resolve files> Scanning C:\Users\Иван\Documents\battlefield\sonar-scanner-6.2.1.4610-windows-x64\jre\legal\jdk.charsets...
[2024-12-15 01:33:49] [PROGRESS] resolve files> Scanning C:\Users\Иван\Documents\battlefield\sonar-scanner-6.2.1.4610-windows-x64\jre\legal\jdk.crypto.cryptoki...
[2024-12-15 01:33:49] [PROGRESS] resolve files> Scanning C:\Users\Иван\Documents\battlefield\sonar-scanner-6.2.1.4610-windows-x64\jre\legal\jdk.crypto.ec...
[2024-12-15 01:33:49] [PROGRESS] resolve files> Scanning C:\Users\Иван\Documents\battlefield\sonar-scanner-6.2.1.4610-windows-x64\jre\legal\jdk.crypto.mscapi...
[2024-12-15 01:33:49] [PROGRESS] resolve files> Scanning C:\Users\Иван\Documents\battlefield\sonar-scanner-6.2.1.4610-windows-x64\jre\legal\jdk.dynalink...
[2024-12-15 01:33:49] [PROGRESS] resolve files> Scanning C:\Users\Иван\Documents\battlefield\sonar-scanner-6.2.1.4610-windows-x64\jre\legal\jdk.httpserver...
[2024-12-15 01:33:49] [PROGRESS] resolve files> Scanning C:\Users\Иван\Documents\battlefield\sonar-scanner-6.2.1.4610-windows-x64\jre\legal\jdk.incubator.foreign...
[2024-12-15 01:33:49] [PROGRESS] resolve files> Scanning C:\Users\Иван\Documents\battlefield\sonar-scanner-6.2.1.4610-windows-x64\jre\legal\jdk.incubator.vector...
[2024-12-15 01:33:49] [PROGRESS] resolve files> Scanning C:\Users\Иван\Documents\battlefield\sonar-scanner-6.2.1.4610-windows-x64\jre\legal\jdk.internal.vm.ci...
[2024-12-15 01:33:49] [PROGRESS] resolve files> Scanning C:\Users\Иван\Documents\battlefield\sonar-scanner-6.2.1.4610-windows-x64\jre\legal\jdk.internal.vm.compiler...
[2024-12-15 01:33:49] [PROGRESS] resolve files> Scanning C:\Users\Иван\Documents\battlefield\sonar-scanner-6.2.1.4610-windows-x64\jre\legal\jdk.internal.vm.compiler.management...
[2024-12-15 01:33:49] [PROGRESS] resolve files> Scanning C:\Users\Иван\Documents\battlefield\sonar-scanner-6.2.1.4610-windows-x64\jre\legal\jdk.jdwp.agent...
[2024-12-15 01:33:49] [PROGRESS] resolve files> Scanning C:\Users\Иван\Documents\battlefield\sonar-scanner-6.2.1.4610-windows-x64\jre\legal\jdk.jfr...
[2024-12-15 01:33:49] [PROGRESS] resolve files> Scanning C:\Users\Иван\Documents\battlefield\sonar-scanner-6.2.1.4610-windows-x64\jre\legal\jdk.jsobject...
[2024-12-15 01:33:49] [PROGRESS] resolve files> Scanning C:\Users\Иван\Documents\battlefield\sonar-scanner-6.2.1.4610-windows-x64\jre\legal\jdk.localedata...
[2024-12-15 01:33:49] [PROGRESS] resolve files> Scanning C:\Users\Иван\Documents\battlefield\sonar-scanner-6.2.1.4610-windows-x64\jre\legal\jdk.management...
[2024-12-15 01:33:49] [PROGRESS] resolve files> Scanning C:\Users\Иван\Documents\battlefield\sonar-scanner-6.2.1.4610-windows-x64\jre\legal\jdk.management.agent...
[2024-12-15 01:33:49] [PROGRESS] resolve files> Scanning C:\Users\Иван\Documents\battlefield\sonar-scanner-6.2.1.4610-windows-x64\jre\legal\jdk.management.jfr...
[2024-12-15 01:33:49] [PROGRESS] resolve files> Scanning C:\Users\Иван\Documents\battlefield\sonar-scanner-6.2.1.4610-windows-x64\jre\legal\jdk.naming.dns...
[2024-12-15 01:33:49] [PROGRESS] resolve files> Scanning C:\Users\Иван\Documents\battlefield\sonar-scanner-6.2.1.4610-windows-x64\jre\legal\jdk.naming.rmi...
[2024-12-15 01:33:49] [PROGRESS] resolve files> Scanning C:\Users\Иван\Documents\battlefield\sonar-scanner-6.2.1.4610-windows-x64\jre\legal\jdk.net...
[2024-12-15 01:33:49] [PROGRESS] resolve files> Scanning C:\Users\Иван\Documents\battlefield\sonar-scanner-6.2.1.4610-windows-x64\jre\legal\jdk.nio.mapmode...
[2024-12-15 01:33:49] [PROGRESS] resolve files> Scanning C:\Users\Иван\Documents\battlefield\sonar-scanner-6.2.1.4610-windows-x64\jre\legal\jdk.sctp...
[2024-12-15 01:33:49] [PROGRESS] resolve files> Scanning C:\Users\Иван\Documents\battlefield\sonar-scanner-6.2.1.4610-windows-x64\jre\legal\jdk.security.auth...
[2024-12-15 01:33:49] [PROGRESS] resolve files> Scanning C:\Users\Иван\Documents\battlefield\sonar-scanner-6.2.1.4610-windows-x64\jre\legal\jdk.security.jgss...
[2024-12-15 01:33:49] [PROGRESS] resolve files> Scanning C:\Users\Иван\Documents\battlefield\sonar-scanner-6.2.1.4610-windows-x64\jre\legal\jdk.unsupported...
[2024-12-15 01:33:49] [PROGRESS] resolve files> Scanning C:\Users\Иван\Documents\battlefield\sonar-scanner-6.2.1.4610-windows-x64\jre\legal\jdk.xml.dom...
[2024-12-15 01:33:49] [PROGRESS] resolve files> Scanning C:\Users\Иван\Documents\battlefield\sonar-scanner-6.2.1.4610-windows-x64\jre\legal\jdk.zipfs...
[2024-12-15 01:33:49] [PROGRESS] resolve files> Scanning C:\Users\Иван\Documents\battlefield\sonar-scanner-6.2.1.4610-windows-x64\jre\lib...
[2024-12-15 01:33:49] [PROGRESS] resolve files> Scanning C:\Users\Иван\Documents\battlefield\sonar-scanner-6.2.1.4610-windows-x64\jre\lib\jfr...
[2024-12-15 01:33:49] [PROGRESS] resolve files> Scanning C:\Users\Иван\Documents\battlefield\sonar-scanner-6.2.1.4610-windows-x64\jre\lib\security...
[2024-12-15 01:33:49] [PROGRESS] resolve files> Scanning C:\Users\Иван\Documents\battlefield\sonar-scanner-6.2.1.4610-windows-x64\lib...
[2024-12-15 01:33:49] Plumbing command codeql resolve files completed:
                      [
                        "C:\\Users\\Иван\\Documents\\battlefield\\my-database\\codeql-database.yml"
                      ]
[2024-12-15 01:33:49] [DETAILS] database index-files> Found 1 files.
[2024-12-15 01:33:49] [PROGRESS] database index-files> C:\Users\Иван\Documents\battlefield\my-database: Indexing files in in C:\Users\Иван\Documents\battlefield...
[2024-12-15 01:33:49] Using index-files script C:\Users\Иван\Documents\codeql\yaml\tools\index-files.cmd.
[2024-12-15 01:33:49] [PROGRESS] database index-files> Running command in C:\Users\Иван\Documents\battlefield: [C:\Users\Иван\Documents\codeql\yaml\tools\index-files.cmd, C:\Users\Иван\Documents\battlefield\my-database\working\files-to-index14761895457837258060.list]
[2024-12-15 01:33:50] Terminating normally.
